INFO: [SIM 2] *************** CSIM start ***************
INFO: [SIM 4] CSIM will launch GCC as the compiler.
   Compiling ../../../matrix_multiply.cpp in debug mode
   Generating csim.exe
  Result  <-->  Result Reference
| 2.158304  <-->   2.158400 |
| 1.641544  <-->   1.641700 |
| 1.606527  <-->   1.606600 |
| 1.266350  <-->   1.266400 |
| 1.243991  <-->   1.244000 |
| 1.667101  <-->   1.667200 |
| 2.170753  <-->   2.170800 |
| 2.047153  <-->   2.047100 |
| 1.839446  <-->   1.839400 |
| 1.715127  <-->   1.715100 |
| 1.458996  <-->   1.459000 |
| 2.083590  <-->   2.083500 |
| 2.150190  <-->   2.150200 |
| 2.343002  <-->   2.343000 |
| 2.011110  <-->   2.011200 |
| 1.704048  <-->   1.704000 |
| 1.706322  <-->   1.706300 |
| 1.935306  <-->   1.935300 |
| 1.979289  <-->   1.979300 |
| 1.623416  <-->   1.623400 |
| 1.980486  <-->   1.980500 |
| 0.977829  <-->   0.977800 |
| 1.253034  <-->   1.253000 |
| 1.976583  <-->   1.976600 |
| 3.003219  <-->   3.003200 |
| 2.441981  <-->   2.441900 |
| 2.130683  <-->   2.130700 |
| 1.422873  <-->   1.422800 |
| 1.999495  <-->   1.999400 |
| 2.379661  <-->   2.379600 |
| 1.581424  <-->   1.581500 |
| 1.536081  <-->   1.536200 |
| 1.185671  <-->   1.185700 |
| 1.005397  <-->   1.005400 |
| 1.225282  <-->   1.225300 |
| 0.918440  <-->   0.918500 |
INFO: [SIM 1] CSim done with 0 errors.
INFO: [SIM 3] *************** CSIM finish ***************
